{
  "0 debug pnpm:scope": {
    "selected": 1
  },
  "1 error pnpm": {
    "errno": 1,
    "code": "ELIFECYCLE",
    "pkgid": "gmap-vue@3.5.2",
    "stage": "clean:build",
    "script": "rimraf ./dist",
    "pkgname": "gmap-vue",
    "err": {
      "name": "pnpm",
      "message": "gmap-vue@3.5.2 clean:build: `rimraf ./dist`\nExit status 1",
      "code": "ELIFECYCLE",
      "stack": "pnpm: gmap-vue@3.5.2 clean:build: `rimraf ./dist`\nExit status 1\n    at EventEmitter.<anonymous> (C:\\Users\\mudryi\\AppData\\Roaming\\npm\\node_modules\\pnpm\\dist\\pnpm.cjs:106886:20)\n    at EventEmitter.emit (node:events:390:28)\n    at ChildProcess.<anonymous> (C:\\Users\\mudryi\\AppData\\Roaming\\npm\\node_modules\\pnpm\\dist\\pnpm.cjs:93455:18)\n    at ChildProcess.emit (node:events:390:28)\n    at maybeClose (node:internal/child_process:1064:16)\n    at Process.ChildProcess._handle.onexit (node:internal/child_process:301:5)"
    }
  },
  "2 warn pnpm:global": " Local package.json exists, but node_modules missing, did you mean to install?"
}